[debug] [2022-04-12T17:09:57.224Z] ----------------------------------------------------------------------
[debug] [2022-04-12T17:09:57.226Z] Command:       C:\Program Files\nodejs\node.exe C:\Users\Shuvo Islam\AppData\Roaming\npm\node_modules\firebase-tools\lib\bin\firebase.js init
[debug] [2022-04-12T17:09:57.227Z] CLI Version:   10.6.0
[debug] [2022-04-12T17:09:57.227Z] Platform:      win32
[debug] [2022-04-12T17:09:57.227Z] Node Version:  v17.3.0
[debug] [2022-04-12T17:09:57.228Z] Time:          Tue Apr 12 2022 23:09:57 GMT+0600 (Bangladesh Standard Time)
[debug] [2022-04-12T17:09:57.228Z] ----------------------------------------------------------------------
[debug] 
[debug] [2022-04-12T17:09:57.331Z] > command requires scopes: ["email","openid","https://www.googleapis.com/auth/cloudplatformprojects.readonly","https://www.googleapis.com/auth/firebase","https://www.googleapis.com/auth/cloud-platform"]
[debug] [2022-04-12T17:09:57.332Z] > authorizing via signed-in user (suvoislam753@gmail.com)
[info] 
     ######## #### ########  ######## ########     ###     ######  ########
     ##        ##  ##     ## ##       ##     ##  ##   ##  ##       ##
     ######    ##  ########  ######   ########  #########  ######  ######
     ##        ##  ##    ##  ##       ##     ## ##     ##       ## ##
     ##       #### ##     ## ######## ########  ##     ##  ######  ########

You're about to initialize a Firebase project in this directory:

  C:\Users\Shuvo Islam\Desktop\React\Backend-react\ema-john-simple-with-auth-module-59

Before we get started, keep in mind:

  * You are initializing within an existing Firebase project directory

[info] 
=== Project Setup
[info] 
[info] First, let's associate this project directory with a Firebase project.
[info] You can create multiple project aliases by running firebase use --add, 
[info] but for now we'll just set up a default project.
[info] 
[debug] [2022-04-12T17:10:13.544Z] Using project from CLI flag: ema-john-simple-85c01
[debug] [2022-04-12T17:10:13.547Z] >>> [apiv2][query] GET https://firebase.googleapis.com/v1beta1/projects/ema-john-simple-85c01 [none]
[debug] [2022-04-12T17:10:14.266Z] <<< [apiv2][status] GET https://firebase.googleapis.com/v1beta1/projects/ema-john-simple-85c01 403
[debug] [2022-04-12T17:10:14.266Z] <<< [apiv2][body] GET https://firebase.googleapis.com/v1beta1/projects/ema-john-simple-85c01 {"error":{"code":403,"message":"The caller does not have permission","status":"PERMISSION_DENIED"}}
[debug] [2022-04-12T17:10:14.268Z] HTTP Error: 403, The caller does not have permission
[debug] [2022-04-12T17:10:14.513Z] FirebaseError: HTTP Error: 403, The caller does not have permission
    at module.exports (C:\Users\Shuvo Islam\AppData\Roaming\npm\node_modules\firebase-tools\lib\responseToError.js:47:12)
    at RetryOperation._fn (C:\Users\Shuvo Islam\AppData\Roaming\npm\node_modules\firebase-tools\lib\apiv2.js:286:39)
    at processTicksAndRejections (node:internal/process/task_queues:96:5)
[error] 
[error] Error: Failed to get Firebase project ema-john-simple-85c01. Please make sure the project exists and your account has permission to access it.
